
Feb 04, 2023 20:56:36.752 NEW SESSION
Feb 04, 2023 20:56:36.752 [2023-02-04T15:26:36Z ERROR viaduct::backend::ffi] Missing HTTP status
Feb 04, 2023 20:56:36.755 [2023-02-04T15:26:36Z ERROR viaduct::backend::ffi] Missing HTTP status

Feb 04, 2023 22:45:23.713 NEW SESSION
Feb 04, 2023 22:45:23.713 [2023-02-04T17:15:23Z ERROR viaduct::backend::ffi] Missing HTTP status
Feb 04, 2023 22:45:23.718 [2023-02-04T17:15:23Z ERROR viaduct::backend::ffi] Missing HTTP status
Feb 04, 2023 22:46:25.858 [2023-02-04T17:16:25Z ERROR viaduct::backend::ffi] Missing HTTP status
Feb 04, 2023 22:46:25.881 [2023-02-04T17:16:25Z ERROR viaduct::backend::ffi] Missing HTTP status

Feb 06, 2023 19:55:07.483 NEW SESSION
Feb 06, 2023 19:55:07.483 [2023-02-06T14:25:07Z ERROR viaduct::backend::ffi] Missing HTTP status
Feb 06, 2023 19:55:07.483 [2023-02-06T14:25:07Z ERROR viaduct::backend::ffi] Missing HTTP status
Feb 06, 2023 20:16:27.89 [2023-02-06T14:46:27Z ERROR viaduct::backend::ffi] Missing HTTP status
Feb 06, 2023 20:16:27.90 [2023-02-06T14:46:27Z ERROR viaduct::backend::ffi] Missing HTTP status
Feb 06, 2023 20:31:23.318 [2023-02-06T15:01:23Z ERROR viaduct::backend::ffi] Missing HTTP status
Feb 06, 2023 20:31:23.319 [2023-02-06T15:01:23Z ERROR viaduct::backend::ffi] Missing HTTP status
Feb 06, 2023 20:33:51.295 [2023-02-06T15:03:51Z ERROR viaduct::backend::ffi] Missing HTTP status
Feb 06, 2023 20:33:51.297 [2023-02-06T15:03:51Z ERROR viaduct::backend::ffi] Missing HTTP status
Feb 06, 2023 20:50:19.119 [2023-02-06T15:20:19Z ERROR viaduct::backend::ffi] Missing HTTP status
Feb 06, 2023 20:50:19.119 [2023-02-06T15:20:19Z ERROR viaduct::backend::ffi] Missing HTTP status
Feb 06, 2023 20:55:58.49 [2023-02-06T15:25:58Z ERROR viaduct::backend::ffi] Missing HTTP status
Feb 06, 2023 20:55:58.50 [2023-02-06T15:25:58Z ERROR viaduct::backend::ffi] Missing HTTP status
Feb 06, 2023 20:55:58.73 [Parent 6736, IPC I/O Parent] WARNING: DuplicateHandle failed for handle 0 in TransferHandles: file /builds/worker/checkouts/gecko/ipc/chromium/src/chrome/common/ipc_channel_win.cc:777

Feb 07, 2023 19:43:46.333 NEW SESSION
Feb 07, 2023 19:43:46.334 [2023-02-07T14:13:46Z ERROR viaduct::backend::ffi] Missing HTTP status
Feb 07, 2023 19:43:46.335 [2023-02-07T14:13:46Z ERROR viaduct::backend::ffi] Missing HTTP status
Feb 07, 2023 20:09:01.621 [Parent 12588, IPDL Background] WARNING: pipe error: 232: file /builds/worker/checkouts/gecko/ipc/chromium/src/chrome/common/ipc_channel_win.cc:583
Feb 07, 2023 20:09:19.849 [2023-02-07T14:39:19Z ERROR viaduct::backend::ffi] Missing HTTP status
Feb 07, 2023 20:09:19.850 [2023-02-07T14:39:19Z ERROR viaduct::backend::ffi] Missing HTTP status
Feb 07, 2023 20:26:49.111 [2023-02-07T14:56:49Z ERROR viaduct::backend::ffi] Missing HTTP status
Feb 07, 2023 20:26:49.112 [2023-02-07T14:56:49Z ERROR viaduct::backend::ffi] Missing HTTP status
Feb 07, 2023 20:27:35.918 [2023-02-07T14:57:35Z ERROR viaduct::backend::ffi] Missing HTTP status
Feb 07, 2023 20:27:35.918 [2023-02-07T14:57:35Z ERROR viaduct::backend::ffi] Missing HTTP status

Feb 08, 2023 21:02:19.433 NEW SESSION
Feb 08, 2023 21:02:19.433 [2023-02-08T15:32:19Z ERROR viaduct::backend::ffi] Missing HTTP status
Feb 08, 2023 21:02:19.446 [2023-02-08T15:32:19Z ERROR viaduct::backend::ffi] Missing HTTP status

Feb 10, 2023 21:00:05.702 NEW SESSION
Feb 10, 2023 21:00:05.704 [2023-02-10T15:30:05Z ERROR viaduct::backend::ffi] Missing HTTP status
Feb 10, 2023 21:00:05.705 [2023-02-10T15:30:05Z ERROR viaduct::backend::ffi] Missing HTTP status

Feb 11, 2023 21:01:34.519 NEW SESSION
Feb 11, 2023 21:01:34.519 [2023-02-11T15:31:34Z ERROR viaduct::backend::ffi] Missing HTTP status
Feb 11, 2023 21:01:34.528 [2023-02-11T15:31:34Z ERROR viaduct::backend::ffi] Missing HTTP status

Feb 13, 2023 21:07:33.330 NEW SESSION
Feb 13, 2023 21:07:33.331 [2023-02-13T15:37:33Z ERROR viaduct::backend::ffi] Missing HTTP status
Feb 13, 2023 21:07:33.331 [2023-02-13T15:37:33Z ERROR viaduct::backend::ffi] Missing HTTP status

Feb 14, 2023 18:11:16.250 NEW SESSION
Feb 14, 2023 18:11:16.251 [2023-02-14T12:41:16Z ERROR viaduct::backend::ffi] Missing HTTP status
Feb 14, 2023 18:11:16.258 [2023-02-14T12:41:16Z ERROR viaduct::backend::ffi] Missing HTTP status

Feb 14, 2023 20:40:02.736 NEW SESSION
Feb 14, 2023 20:40:02.737 [2023-02-14T15:10:02Z ERROR mp4parse] Found 2 nul bytes in "\0\0"
Feb 14, 2023 20:40:02.740 [2023-02-14T15:10:02Z ERROR mp4parse] Found 2 nul bytes in "\0\0"
Feb 14, 2023 20:40:02.745 [2023-02-14T15:10:02Z ERROR mp4parse] Found 2 nul bytes in "\0\0"
Feb 14, 2023 20:40:04.292 [2023-02-14T15:10:04Z ERROR mp4parse] Found 2 nul bytes in "\0\0"
Feb 14, 2023 20:41:08.308 [2023-02-14T15:11:08Z ERROR viaduct::backend::ffi] Missing HTTP status
Feb 14, 2023 20:41:08.309 [2023-02-14T15:11:08Z ERROR viaduct::backend::ffi] Missing HTTP status

Feb 15, 2023 20:48:24.827 NEW SESSION
Feb 15, 2023 20:48:24.827 [2023-02-15T15:18:24Z ERROR viaduct::backend::ffi] Missing HTTP status
Feb 15, 2023 20:48:24.840 [2023-02-15T15:18:24Z ERROR viaduct::backend::ffi] Missing HTTP status

Feb 16, 2023 15:46:19.165 NEW SESSION
Feb 16, 2023 15:46:19.165 [2023-02-16T10:16:19Z ERROR viaduct::backend::ffi] Missing HTTP status
Feb 16, 2023 15:46:19.166 [2023-02-16T10:16:19Z ERROR viaduct::backend::ffi] Missing HTTP status

Feb 17, 2023 20:00:41.752 NEW SESSION
Feb 17, 2023 20:00:41.753 [2023-02-17T14:30:41Z ERROR mp4parse] Found 2 nul bytes in "\0\0"
Feb 17, 2023 20:00:41.753 [2023-02-17T14:30:41Z ERROR mp4parse] Found 2 nul bytes in "\0\0"
Feb 17, 2023 20:00:41.754 [2023-02-17T14:30:41Z ERROR mp4parse] Found 2 nul bytes in "\0\0"
Feb 17, 2023 20:00:41.754 [2023-02-17T14:30:41Z ERROR mp4parse] Found 2 nul bytes in "\0\0"
Feb 17, 2023 20:01:40.178 [Child 3624, MediaDecoderStateMachine #1] WARNING: 1da4b8e59a0 Could not set cubeb stream name.: file /builds/worker/checkouts/gecko/dom/media/AudioStream.cpp:321
Feb 17, 2023 20:01:42.789 [Child 3624, MediaDecoderStateMachine #1] WARNING: 1da56853560 Could not set cubeb stream name.: file /builds/worker/checkouts/gecko/dom/media/AudioStream.cpp:321
Feb 17, 2023 20:02:12.503 [Child 3624, MediaDecoderStateMachine #1] WARNING: 1da4b824670 Could not set cubeb stream name.: file /builds/worker/checkouts/gecko/dom/media/AudioStream.cpp:321
Feb 17, 2023 20:02:16.854 [2023-02-17T14:32:16Z ERROR mp4parse] Found 2 nul bytes in "\0\0"
Feb 17, 2023 20:02:16.854 [2023-02-17T14:32:16Z ERROR mp4parse] Found 2 nul bytes in "\0\0"
Feb 17, 2023 20:02:16.855 [2023-02-17T14:32:16Z ERROR mp4parse] Found 2 nul bytes in "\0\0"
Feb 17, 2023 20:02:16.856 [2023-02-17T14:32:16Z ERROR mp4parse] Found 2 nul bytes in "\0\0"
Feb 17, 2023 20:02:20.938 [Child 3624, MediaDecoderStateMachine #1] WARNING: 1da47bef670 Could not set cubeb stream name.: file /builds/worker/checkouts/gecko/dom/media/AudioStream.cpp:321
Feb 17, 2023 20:04:26.465 [Child 3624, MediaDecoderStateMachine #2] WARNING: 1da41996130 Could not set cubeb stream name.: file /builds/worker/checkouts/gecko/dom/media/AudioStream.cpp:321
Feb 17, 2023 20:05:52.836 [2023-02-17T14:35:52Z ERROR mp4parse] Found 2 nul bytes in "\0\0"
Feb 17, 2023 20:05:52.850 [2023-02-17T14:35:52Z ERROR mp4parse] Found 2 nul bytes in "\0\0"
Feb 17, 2023 20:05:52.850 [2023-02-17T14:35:52Z ERROR mp4parse] Found 2 nul bytes in "\0\0"
Feb 17, 2023 20:05:52.850 [2023-02-17T14:35:52Z ERROR mp4parse] Found 2 nul bytes in "\0\0"
Feb 17, 2023 20:09:12.524 [Child 19720, MediaDecoderStateMachine #2] WARNING: 1f82ea45010 Could not set cubeb stream name.: file /builds/worker/checkouts/gecko/dom/media/AudioStream.cpp:321
Feb 17, 2023 20:09:53.796 [Child 19720, MediaDecoderStateMachine #2] WARNING: 1f82a1cc350 Could not set cubeb stream name.: file /builds/worker/checkouts/gecko/dom/media/AudioStream.cpp:321
Feb 17, 2023 20:11:10.521 [2023-02-17T14:41:10Z ERROR mp4parse] Found 2 nul bytes in "\0\0"
Feb 17, 2023 20:11:10.522 [2023-02-17T14:41:10Z ERROR mp4parse] Found 2 nul bytes in "\0\0"
Feb 17, 2023 20:11:10.522 [2023-02-17T14:41:10Z ERROR mp4parse] Found 2 nul bytes in "\0\0"
Feb 17, 2023 20:11:10.526 [2023-02-17T14:41:10Z ERROR mp4parse] Found 2 nul bytes in "\0\0"
Feb 17, 2023 20:11:26.332 [Child 19352, MediaDecoderStateMachine #1] WARNING: 24b83739790 Could not set cubeb stream name.: file /builds/worker/checkouts/gecko/dom/media/AudioStream.cpp:321
Feb 17, 2023 20:12:25.375 [Child 19352, MediaDecoderStateMachine #1] WARNING: 24b83c70130 Could not set cubeb stream name.: file /builds/worker/checkouts/gecko/dom/media/AudioStream.cpp:321
Feb 17, 2023 20:12:25.838 [Child 19352, MediaDecoderStateMachine #1] WARNING: 24b83c70130 Could not set cubeb stream name.: file /builds/worker/checkouts/gecko/dom/media/AudioStream.cpp:321
Feb 17, 2023 20:12:33.471 [Child 19352, MediaDecoderStateMachine #1] WARNING: 24b8373aef0 Could not set cubeb stream name.: file /builds/worker/checkouts/gecko/dom/media/AudioStream.cpp:321
Feb 17, 2023 20:12:33.868 [Child 19352, MediaDecoderStateMachine #1] WARNING: 24b8373aef0 Could not set cubeb stream name.: file /builds/worker/checkouts/gecko/dom/media/AudioStream.cpp:321
Feb 17, 2023 20:13:30.60 [2023-02-17T14:43:30Z ERROR mp4parse] Found 2 nul bytes in "\0\0"
Feb 17, 2023 20:13:30.63 [2023-02-17T14:43:30Z ERROR mp4parse] Found 2 nul bytes in "\0\0"
Feb 17, 2023 20:13:30.65 [2023-02-17T14:43:30Z ERROR mp4parse] Found 2 nul bytes in "\0\0"
Feb 17, 2023 20:13:30.66 [2023-02-17T14:43:30Z ERROR mp4parse] Found 2 nul bytes in "\0\0"
Feb 17, 2023 20:25:19.715 [Child 18368, MediaDecoderStateMachine #3] WARNING: 1fe91b1f120 Could not set cubeb stream name.: file /builds/worker/checkouts/gecko/dom/media/AudioStream.cpp:321
Feb 17, 2023 20:25:21.570 [Child 18368, MediaDecoderStateMachine #3] WARNING: 1fe980dcde0 Could not set cubeb stream name.: file /builds/worker/checkouts/gecko/dom/media/AudioStream.cpp:321
Feb 17, 2023 20:25:24.331 [2023-02-17T14:55:24Z ERROR mp4parse] Found 2 nul bytes in "\0\0"
Feb 17, 2023 20:25:24.331 [2023-02-17T14:55:24Z ERROR mp4parse] Found 2 nul bytes in "\0\0"
Feb 17, 2023 20:25:24.332 [2023-02-17T14:55:24Z ERROR mp4parse] Found 2 nul bytes in "\0\0"
Feb 17, 2023 20:25:24.332 [2023-02-17T14:55:24Z ERROR mp4parse] Found 2 nul bytes in "\0\0"
Feb 17, 2023 20:25:27.569 [Child 18368, MediaDecoderStateMachine #3] WARNING: 1fea0192120 Could not set cubeb stream name.: file /builds/worker/checkouts/gecko/dom/media/AudioStream.cpp:321
Feb 17, 2023 20:33:01.375 [Child 18368, MediaDecoderStateMachine #4] WARNING: 1fe91b4cbc0 Could not set cubeb stream name.: file /builds/worker/checkouts/gecko/dom/media/AudioStream.cpp:321
Feb 17, 2023 20:33:05.157 [Child 18368, MediaDecoderStateMachine #4] WARNING: 1fe91b1e460 Could not set cubeb stream name.: file /builds/worker/checkouts/gecko/dom/media/AudioStream.cpp:321
Feb 17, 2023 20:33:14.579 [Child 18368, MediaDecoderStateMachine #4] WARNING: 1fe8c8d3130 Could not set cubeb stream name.: file /builds/worker/checkouts/gecko/dom/media/AudioStream.cpp:321
Feb 17, 2023 20:39:14.601 [2023-02-17T15:09:14Z ERROR mp4parse] Found 2 nul bytes in "\0\0"
Feb 17, 2023 20:39:14.604 [2023-02-17T15:09:14Z ERROR mp4parse] Found 2 nul bytes in "\0\0"
Feb 17, 2023 20:39:14.605 [2023-02-17T15:09:14Z ERROR mp4parse] Found 2 nul bytes in "\0\0"
Feb 17, 2023 20:39:14.606 [2023-02-17T15:09:14Z ERROR mp4parse] Found 2 nul bytes in "\0\0"
Feb 17, 2023 20:39:28.718 [2023-02-17T15:09:28Z ERROR mp4parse] Found 2 nul bytes in "\0\0"
Feb 17, 2023 20:39:28.740 [2023-02-17T15:09:28Z ERROR mp4parse] Found 2 nul bytes in "\0\0"
Feb 17, 2023 20:39:28.794 [2023-02-17T15:09:28Z ERROR mp4parse] Found 2 nul bytes in "\0\0"
Feb 17, 2023 20:39:28.816 [2023-02-17T15:09:28Z ERROR mp4parse] Found 2 nul bytes in "\0\0"
Feb 17, 2023 20:39:43.735 [2023-02-17T15:09:43Z ERROR mp4parse] Found 2 nul bytes in "\0\0"
Feb 17, 2023 20:39:43.750 [2023-02-17T15:09:43Z ERROR mp4parse] Found 2 nul bytes in "\0\0"
Feb 17, 2023 20:39:43.763 [2023-02-17T15:09:43Z ERROR mp4parse] Found 2 nul bytes in "\0\0"
Feb 17, 2023 20:39:43.787 [2023-02-17T15:09:43Z ERROR mp4parse] Found 2 nul bytes in "\0\0"

Feb 19, 2023 12:56:11.315 NEW SESSION
Feb 19, 2023 12:56:11.315 [2023-02-19T07:26:11Z ERROR viaduct::backend::ffi] Missing HTTP status

Feb 19, 2023 16:26:27.477 NEW SESSION
Feb 19, 2023 16:26:27.477 [2023-02-19T10:56:27Z ERROR viaduct::backend::ffi] Missing HTTP status
Feb 19, 2023 16:26:27.484 [2023-02-19T10:56:27Z ERROR viaduct::backend::ffi] Missing HTTP status

Feb 21, 2023 18:35:29.400 NEW SESSION
Feb 21, 2023 18:35:29.402 [2023-02-21T13:05:29Z ERROR viaduct::backend::ffi] Missing HTTP status
Feb 21, 2023 18:35:29.456 [2023-02-21T13:05:29Z ERROR viaduct::backend::ffi] Missing HTTP status
Feb 21, 2023 18:35:30.466 IPDL protocol error: Handler returned error code!
Feb 21, 2023 18:35:30.467 
Feb 21, 2023 18:35:30.467 ###!!! [Parent][DispatchAsyncMessage] Error: PBackground::Msg_PVerifySSLServerCertConstructor Processing error: message was deserialized, but the handler returned false (indicating failure)
Feb 21, 2023 18:35:30.468 

Feb 21, 2023 20:26:19.240 NEW SESSION
Feb 21, 2023 20:26:19.240 [2023-02-21T14:56:19Z ERROR viaduct::backend::ffi] Missing HTTP status
Feb 21, 2023 20:26:19.251 [2023-02-21T14:56:19Z ERROR viaduct::backend::ffi] Missing HTTP status
Feb 21, 2023 21:00:40.633 [2023-02-21T15:30:40Z ERROR viaduct::backend::ffi] Missing HTTP status
Feb 21, 2023 21:00:40.634 [2023-02-21T15:30:40Z ERROR viaduct::backend::ffi] Missing HTTP status

Feb 21, 2023 21:14:55.923 NEW SESSION
Feb 21, 2023 21:14:55.923 [2023-02-21T15:44:55Z ERROR viaduct::backend::ffi] Missing HTTP status
Feb 21, 2023 21:14:55.923 [2023-02-21T15:44:55Z ERROR viaduct::backend::ffi] Missing HTTP status

Feb 22, 2023 09:44:10.860 NEW SESSION
Feb 22, 2023 09:44:10.860 [2023-02-22T04:14:10Z ERROR viaduct::backend::ffi] Missing HTTP status
Feb 22, 2023 09:44:10.861 [2023-02-22T04:14:10Z ERROR viaduct::backend::ffi] Missing HTTP status
Feb 22, 2023 09:44:10.885 [Parent 16104, IPC I/O Parent] WARNING: DuplicateHandle failed for handle 0 in TransferHandles: file /builds/worker/checkouts/gecko/ipc/chromium/src/chrome/common/ipc_channel_win.cc:777

Feb 22, 2023 19:51:20.414 NEW SESSION
Feb 22, 2023 19:51:20.414 [12196:9928:0222/195120.408:ERROR:connection_factory_impl.cc(472)] ConnectionHandler failed with net error: -2
Feb 22, 2023 19:51:22.427 [12196:9928:0222/195122.427:ERROR:connection_factory_impl.cc(427)] Failed to connect to MCS endpoint with error -106
Feb 22, 2023 19:51:29.849 [12196:9928:0222/195129.848:ERROR:connection_factory_impl.cc(427)] Failed to connect to MCS endpoint with error -105
Feb 22, 2023 19:52:33.644 [12196:14260:0222/195233.643:ERROR:get_updates_processor.cc(264)] PostClientToServerMessage() failed during GetUpdates with error 2
Feb 22, 2023 19:52:33.854 [12196:9928:0222/195233.854:ERROR:connection_factory_impl.cc(472)] ConnectionHandler failed with net error: -2
Feb 22, 2023 19:52:38.406 [12196:9928:0222/195238.406:ERROR:connection_factory_impl.cc(427)] Failed to connect to MCS endpoint with error -105
Feb 22, 2023 19:52:41.488 [12196:9928:0222/195241.488:ERROR:connection_factory_impl.cc(427)] Failed to connect to MCS endpoint with error -105
Feb 22, 2023 19:52:41.490 [12196:18352:0222/195241.490:ERROR:get_updates_processor.cc(264)] PostClientToServerMessage() failed during GetUpdates with error 2
Feb 22, 2023 19:52:45.480 [12196:9928:0222/195245.478:ERROR:connection_factory_impl.cc(427)] Failed to connect to MCS endpoint with error -105
Feb 22, 2023 19:56:28.194 *** You are running in background task mode. ***
Feb 22, 2023 19:56:28.196 *** You are running in headless mode.
Feb 22, 2023 19:56:28.311 console.error: "C:\\Users\\Dell\\AppData\\Local\\Mozilla\\Firefox\\Profiles\\hfjmb10g.default" "" 0 ".purge.bg_rm"
Feb 22, 2023 19:58:46.373 [2023-02-22T14:28:46Z ERROR viaduct::backend::ffi] Missing HTTP status
Feb 22, 2023 19:58:46.373 [2023-02-22T14:28:46Z ERROR viaduct::backend::ffi] Missing HTTP status
Feb 22, 2023 19:58:46.460 *** You are running in background task mode. ***
Feb 22, 2023 19:58:46.461 *** You are running in headless mode.
Feb 22, 2023 19:58:46.574 console.error: "C:\\Users\\Dell\\AppData\\Local\\Mozilla\\Firefox\\Profiles\\hfjmb10g.default" "cache2.2023-02-22-14-28-46.purge.bg_rm" 10 ".purge.bg_rm"
Feb 22, 2023 19:58:46.576 console.error: "started removing C:\\Users\\Dell\\AppData\\Local\\Mozilla\\Firefox\\Profiles\\hfjmb10g.default\\cache2.2023-02-22-14-28-46.purge.bg_rm"
Feb 22, 2023 19:58:46.580 console.error: "done removing C:\\Users\\Dell\\AppData\\Local\\Mozilla\\Firefox\\Profiles\\hfjmb10g.default\\cache2.2023-02-22-14-28-46.purge.bg_rm"
Feb 22, 2023 20:32:52.252 *** You are running in background task mode. ***
Feb 22, 2023 20:32:52.253 *** You are running in headless mode.
Feb 22, 2023 20:32:52.371 console.error: "C:\\Users\\Dell\\AppData\\Local\\Mozilla\\Firefox\\Profiles\\hfjmb10g.default" "" 0 ".purge.bg_rm"
Feb 22, 2023 20:42:14.744 [2023-02-22T15:12:14Z ERROR viaduct::backend::ffi] Missing HTTP status
Feb 22, 2023 20:42:14.745 [2023-02-22T15:12:14Z ERROR viaduct::backend::ffi] Missing HTTP status
Feb 22, 2023 20:42:14.963 *** You are running in background task mode. ***
Feb 22, 2023 20:42:14.964 *** You are running in headless mode.
Feb 22, 2023 20:42:15.68 console.error: "C:\\Users\\Dell\\AppData\\Local\\Mozilla\\Firefox\\Profiles\\hfjmb10g.default" "cache2.2023-02-22-15-12-14.purge.bg_rm" 10 ".purge.bg_rm"
Feb 22, 2023 20:42:15.69 console.error: "started removing C:\\Users\\Dell\\AppData\\Local\\Mozilla\\Firefox\\Profiles\\hfjmb10g.default\\cache2.2023-02-22-15-12-14.purge.bg_rm"
Feb 22, 2023 20:42:15.72 console.error: "done removing C:\\Users\\Dell\\AppData\\Local\\Mozilla\\Firefox\\Profiles\\hfjmb10g.default\\cache2.2023-02-22-15-12-14.purge.bg_rm"

Feb 23, 2023 21:00:20.991 NEW SESSION
Feb 23, 2023 21:00:20.991 *** You are running in background task mode. ***
Feb 23, 2023 21:00:21.33 *** You are running in headless mode.
Feb 23, 2023 21:00:21.143 console.error: "C:\\Users\\Dell\\AppData\\Local\\Mozilla\\Firefox\\Profiles\\hfjmb10g.default" "" 0 ".purge.bg_rm"
Feb 23, 2023 21:00:57.865 [Parent 5116, IPC I/O Parent] WARNING: pipe error: 232: file /builds/worker/checkouts/gecko/ipc/chromium/src/chrome/common/ipc_channel_win.cc:583
Feb 23, 2023 21:00:57.875 [2023-02-23T15:30:57Z ERROR viaduct::backend::ffi] Missing HTTP status
Feb 23, 2023 21:00:57.876 [2023-02-23T15:30:57Z ERROR viaduct::backend::ffi] Missing HTTP status
Feb 23, 2023 21:00:57.990 *** You are running in background task mode. ***
Feb 23, 2023 21:00:57.990 *** You are running in headless mode.
Feb 23, 2023 21:00:58.106 console.error: "C:\\Users\\Dell\\AppData\\Local\\Mozilla\\Firefox\\Profiles\\hfjmb10g.default" "cache2.2023-02-23-15-30-57.purge.bg_rm" 10 ".purge.bg_rm"
Feb 23, 2023 21:00:58.108 console.error: "started removing C:\\Users\\Dell\\AppData\\Local\\Mozilla\\Firefox\\Profiles\\hfjmb10g.default\\cache2.2023-02-23-15-30-57.purge.bg_rm"
Feb 23, 2023 21:00:58.119 console.error: "done removing C:\\Users\\Dell\\AppData\\Local\\Mozilla\\Firefox\\Profiles\\hfjmb10g.default\\cache2.2023-02-23-15-30-57.purge.bg_rm"

Feb 24, 2023 20:48:28.731 NEW SESSION
Feb 24, 2023 20:48:28.731 *** You are running in background task mode. ***
Feb 24, 2023 20:48:28.732 *** You are running in headless mode.
Feb 24, 2023 20:48:28.846 console.error: "C:\\Users\\Dell\\AppData\\Local\\Mozilla\\Firefox\\Profiles\\hfjmb10g.default" "" 0 ".purge.bg_rm"
Feb 24, 2023 20:48:42.363 [2023-02-24T15:18:42Z ERROR viaduct::backend::ffi] Missing HTTP status
Feb 24, 2023 20:48:42.364 [2023-02-24T15:18:42Z ERROR viaduct::backend::ffi] Missing HTTP status
Feb 24, 2023 20:48:42.474 *** You are running in background task mode. ***
Feb 24, 2023 20:48:42.475 *** You are running in headless mode.
Feb 24, 2023 20:48:42.602 console.error: "C:\\Users\\Dell\\AppData\\Local\\Mozilla\\Firefox\\Profiles\\hfjmb10g.default" "cache2.2023-02-24-15-18-42.purge.bg_rm" 10 ".purge.bg_rm"
Feb 24, 2023 20:48:42.606 console.error: "started removing C:\\Users\\Dell\\AppData\\Local\\Mozilla\\Firefox\\Profiles\\hfjmb10g.default\\cache2.2023-02-24-15-18-42.purge.bg_rm"
Feb 24, 2023 20:48:42.613 console.error: "done removing C:\\Users\\Dell\\AppData\\Local\\Mozilla\\Firefox\\Profiles\\hfjmb10g.default\\cache2.2023-02-24-15-18-42.purge.bg_rm"
Feb 24, 2023 20:58:36.67 *** You are running in background task mode. ***
Feb 24, 2023 20:58:36.68 *** You are running in headless mode.
Feb 24, 2023 20:58:36.186 console.error: "C:\\Users\\Dell\\AppData\\Local\\Mozilla\\Firefox\\Profiles\\hfjmb10g.default" "" 0 ".purge.bg_rm"
Feb 24, 2023 20:59:01.30 [2023-02-24T15:29:01Z ERROR viaduct::backend::ffi] Missing HTTP status
Feb 24, 2023 20:59:01.31 [2023-02-24T15:29:01Z ERROR viaduct::backend::ffi] Missing HTTP status
Feb 24, 2023 20:59:01.124 *** You are running in background task mode. ***
Feb 24, 2023 20:59:01.126 *** You are running in headless mode.
Feb 24, 2023 20:59:01.224 console.error: "C:\\Users\\Dell\\AppData\\Local\\Mozilla\\Firefox\\Profiles\\hfjmb10g.default" "cache2.2023-02-24-15-29-01.purge.bg_rm" 10 ".purge.bg_rm"
Feb 24, 2023 20:59:01.227 console.error: "started removing C:\\Users\\Dell\\AppData\\Local\\Mozilla\\Firefox\\Profiles\\hfjmb10g.default\\cache2.2023-02-24-15-29-01.purge.bg_rm"
Feb 24, 2023 20:59:01.232 console.error: "done removing C:\\Users\\Dell\\AppData\\Local\\Mozilla\\Firefox\\Profiles\\hfjmb10g.default\\cache2.2023-02-24-15-29-01.purge.bg_rm"
Feb 24, 2023 21:00:27.356 *** You are running in background task mode. ***
Feb 24, 2023 21:00:27.357 *** You are running in headless mode.
Feb 24, 2023 21:00:27.464 console.error: "C:\\Users\\Dell\\AppData\\Local\\Mozilla\\Firefox\\Profiles\\hfjmb10g.default" "" 0 ".purge.bg_rm"
Feb 24, 2023 21:00:51.791 [2023-02-24T15:30:51Z ERROR viaduct::backend::ffi] Missing HTTP status
Feb 24, 2023 21:00:51.792 [2023-02-24T15:30:51Z ERROR viaduct::backend::ffi] Missing HTTP status
Feb 24, 2023 21:00:51.890 *** You are running in background task mode. ***
Feb 24, 2023 21:00:51.891 *** You are running in headless mode.
Feb 24, 2023 21:00:52.14 console.error: "C:\\Users\\Dell\\AppData\\Local\\Mozilla\\Firefox\\Profiles\\hfjmb10g.default" "cache2.2023-02-24-15-30-51.purge.bg_rm" 10 ".purge.bg_rm"
Feb 24, 2023 21:00:52.18 console.error: "started removing C:\\Users\\Dell\\AppData\\Local\\Mozilla\\Firefox\\Profiles\\hfjmb10g.default\\cache2.2023-02-24-15-30-51.purge.bg_rm"
Feb 24, 2023 21:00:52.32 console.error: "done removing C:\\Users\\Dell\\AppData\\Local\\Mozilla\\Firefox\\Profiles\\hfjmb10g.default\\cache2.2023-02-24-15-30-51.purge.bg_rm"

Feb 27, 2023 19:59:42.224 NEW SESSION
Feb 27, 2023 19:59:42.224 *** You are running in background task mode. ***
Feb 27, 2023 19:59:42.226 *** You are running in headless mode.
Feb 27, 2023 19:59:42.345 console.error: "C:\\Users\\Dell\\AppData\\Local\\Mozilla\\Firefox\\Profiles\\hfjmb10g.default" "" 0 ".purge.bg_rm"
Feb 27, 2023 20:00:54.472 [2023-02-27T14:30:54Z ERROR viaduct::backend::ffi] Missing HTTP status
Feb 27, 2023 20:00:54.473 [2023-02-27T14:30:54Z ERROR viaduct::backend::ffi] Missing HTTP status
Feb 27, 2023 20:00:54.599 *** You are running in background task mode. ***
Feb 27, 2023 20:00:54.600 *** You are running in headless mode.
Feb 27, 2023 20:00:54.714 console.error: "C:\\Users\\Dell\\AppData\\Local\\Mozilla\\Firefox\\Profiles\\hfjmb10g.default" "cache2.2023-02-27-14-30-54.purge.bg_rm" 10 ".purge.bg_rm"
Feb 27, 2023 20:00:54.716 console.error: "started removing C:\\Users\\Dell\\AppData\\Local\\Mozilla\\Firefox\\Profiles\\hfjmb10g.default\\cache2.2023-02-27-14-30-54.purge.bg_rm"
Feb 27, 2023 20:00:54.721 console.error: "done removing C:\\Users\\Dell\\AppData\\Local\\Mozilla\\Firefox\\Profiles\\hfjmb10g.default\\cache2.2023-02-27-14-30-54.purge.bg_rm"
Feb 27, 2023 20:00:54.962 IPDL protocol error: Handler returned error code!
Feb 27, 2023 20:00:54.963 
Feb 27, 2023 20:00:54.963 ###!!! [Parent][DispatchAsyncMessage] Error: PBackground::Msg_PVerifySSLServerCertConstructor Processing error: message was deserialized, but the handler returned false (indicating failure)
Feb 27, 2023 20:00:54.963 
Feb 27, 2023 20:01:45.994 *** You are running in background task mode. ***
Feb 27, 2023 20:01:45.995 *** You are running in headless mode.
Feb 27, 2023 20:01:46.99 console.error: "C:\\Users\\Dell\\AppData\\Local\\Mozilla\\Firefox\\Profiles\\hfjmb10g.default" "" 0 ".purge.bg_rm"
Feb 27, 2023 20:15:49.09 [2023-02-27T14:45:49Z ERROR viaduct::backend::ffi] Missing HTTP status
Feb 27, 2023 20:15:49.12 [2023-02-27T14:45:49Z ERROR viaduct::backend::ffi] Missing HTTP status
Feb 27, 2023 20:15:49.142 *** You are running in background task mode. ***
Feb 27, 2023 20:15:49.143 *** You are running in headless mode.
Feb 27, 2023 20:15:49.282 console.error: "C:\\Users\\Dell\\AppData\\Local\\Mozilla\\Firefox\\Profiles\\hfjmb10g.default" "cache2.2023-02-27-14-45-49.purge.bg_rm" 10 ".purge.bg_rm"
Feb 27, 2023 20:15:49.284 console.error: "started removing C:\\Users\\Dell\\AppData\\Local\\Mozilla\\Firefox\\Profiles\\hfjmb10g.default\\cache2.2023-02-27-14-45-49.purge.bg_rm"
Feb 27, 2023 20:15:49.305 console.error: "done removing C:\\Users\\Dell\\AppData\\Local\\Mozilla\\Firefox\\Profiles\\hfjmb10g.default\\cache2.2023-02-27-14-45-49.purge.bg_rm"
Feb 27, 2023 20:15:52.90 *** You are running in background task mode. ***
Feb 27, 2023 20:15:52.90 *** You are running in headless mode.
Feb 27, 2023 20:15:52.190 console.error: "C:\\Users\\Dell\\AppData\\Local\\Mozilla\\Firefox\\Profiles\\hfjmb10g.default" "" 0 ".purge.bg_rm"
Feb 27, 2023 20:19:31.376 [Parent 13380, IPC I/O Parent] WARNING: DuplicateHandle failed for handle 0 in TransferHandles: file /builds/worker/checkouts/gecko/ipc/chromium/src/chrome/common/ipc_channel_win.cc:777
Feb 27, 2023 20:19:31.384 [2023-02-27T14:49:31Z ERROR viaduct::backend::ffi] Missing HTTP status
Feb 27, 2023 20:19:31.388 [2023-02-27T14:49:31Z ERROR viaduct::backend::ffi] Missing HTTP status
Feb 27, 2023 20:19:31.480 *** You are running in background task mode. ***
Feb 27, 2023 20:19:31.482 *** You are running in headless mode.
Feb 27, 2023 20:19:31.578 console.error: "C:\\Users\\Dell\\AppData\\Local\\Mozilla\\Firefox\\Profiles\\hfjmb10g.default" "cache2.2023-02-27-14-49-31.purge.bg_rm" 10 ".purge.bg_rm"
Feb 27, 2023 20:19:31.579 console.error: "started removing C:\\Users\\Dell\\AppData\\Local\\Mozilla\\Firefox\\Profiles\\hfjmb10g.default\\cache2.2023-02-27-14-49-31.purge.bg_rm"
Feb 27, 2023 20:19:31.583 console.error: "done removing C:\\Users\\Dell\\AppData\\Local\\Mozilla\\Firefox\\Profiles\\hfjmb10g.default\\cache2.2023-02-27-14-49-31.purge.bg_rm"

Mar 01, 2023 20:29:37.780 NEW SESSION
Mar 01, 2023 20:29:37.780 *** You are running in background task mode. ***
Mar 01, 2023 20:29:37.781 *** You are running in headless mode.
Mar 01, 2023 20:29:37.901 console.error: "C:\\Users\\Dell\\AppData\\Local\\Mozilla\\Firefox\\Profiles\\hfjmb10g.default" "" 0 ".purge.bg_rm"
Mar 01, 2023 20:30:02.217 [2023-03-01T15:00:02Z ERROR viaduct::backend::ffi] Missing HTTP status
Mar 01, 2023 20:30:02.218 [2023-03-01T15:00:02Z ERROR viaduct::backend::ffi] Missing HTTP status
Mar 01, 2023 20:30:02.346 *** You are running in background task mode. ***
Mar 01, 2023 20:30:02.346 *** You are running in headless mode.
Mar 01, 2023 20:30:02.486 console.error: "C:\\Users\\Dell\\AppData\\Local\\Mozilla\\Firefox\\Profiles\\hfjmb10g.default" "cache2.2023-03-01-15-00-02.purge.bg_rm" 10 ".purge.bg_rm"
Mar 01, 2023 20:30:02.488 console.error: "started removing C:\\Users\\Dell\\AppData\\Local\\Mozilla\\Firefox\\Profiles\\hfjmb10g.default\\cache2.2023-03-01-15-00-02.purge.bg_rm"
Mar 01, 2023 20:30:02.494 console.error: "done removing C:\\Users\\Dell\\AppData\\Local\\Mozilla\\Firefox\\Profiles\\hfjmb10g.default\\cache2.2023-03-01-15-00-02.purge.bg_rm"
Mar 01, 2023 20:30:18.155 *** You are running in background task mode. ***
Mar 01, 2023 20:30:18.155 *** You are running in headless mode.
Mar 01, 2023 20:30:18.260 console.error: "C:\\Users\\Dell\\AppData\\Local\\Mozilla\\Firefox\\Profiles\\hfjmb10g.default" "" 0 ".purge.bg_rm"
Mar 01, 2023 20:31:21.263 [Parent 12352, IPC I/O Parent] WARNING: DuplicateHandle failed for handle 0 in TransferHandles: file /builds/worker/checkouts/gecko/ipc/chromium/src/chrome/common/ipc_channel_win.cc:777
Mar 01, 2023 20:31:21.269 [2023-03-01T15:01:21Z ERROR viaduct::backend::ffi] Missing HTTP status
Mar 01, 2023 20:31:21.269 [2023-03-01T15:01:21Z ERROR viaduct::backend::ffi] Missing HTTP status
Mar 01, 2023 20:31:21.376 *** You are running in background task mode. ***
Mar 01, 2023 20:31:21.377 *** You are running in headless mode.
Mar 01, 2023 20:31:21.484 console.error: "C:\\Users\\Dell\\AppData\\Local\\Mozilla\\Firefox\\Profiles\\hfjmb10g.default" "cache2.2023-03-01-15-01-21.purge.bg_rm" 10 ".purge.bg_rm"
Mar 01, 2023 20:31:21.486 console.error: "started removing C:\\Users\\Dell\\AppData\\Local\\Mozilla\\Firefox\\Profiles\\hfjmb10g.default\\cache2.2023-03-01-15-01-21.purge.bg_rm"
Mar 01, 2023 20:31:21.489 console.error: "done removing C:\\Users\\Dell\\AppData\\Local\\Mozilla\\Firefox\\Profiles\\hfjmb10g.default\\cache2.2023-03-01-15-01-21.purge.bg_rm"
Mar 01, 2023 20:31:56.330 *** You are running in background task mode. ***
Mar 01, 2023 20:31:56.331 *** You are running in headless mode.
Mar 01, 2023 20:31:56.434 console.error: "C:\\Users\\Dell\\AppData\\Local\\Mozilla\\Firefox\\Profiles\\hfjmb10g.default" "" 0 ".purge.bg_rm"
Mar 01, 2023 20:42:51.389 [2023-03-01T15:12:51Z ERROR viaduct::backend::ffi] Missing HTTP status
Mar 01, 2023 20:42:51.392 [2023-03-01T15:12:51Z ERROR viaduct::backend::ffi] Missing HTTP status
Mar 01, 2023 20:42:51.525 *** You are running in background task mode. ***
Mar 01, 2023 20:42:51.525 *** You are running in headless mode.
Mar 01, 2023 20:42:51.676 console.error: "C:\\Users\\Dell\\AppData\\Local\\Mozilla\\Firefox\\Profiles\\hfjmb10g.default" "cache2.2023-03-01-15-12-51.purge.bg_rm" 10 ".purge.bg_rm"
Mar 01, 2023 20:42:51.677 console.error: "started removing C:\\Users\\Dell\\AppData\\Local\\Mozilla\\Firefox\\Profiles\\hfjmb10g.default\\cache2.2023-03-01-15-12-51.purge.bg_rm"
Mar 01, 2023 20:42:51.682 console.error: "done removing C:\\Users\\Dell\\AppData\\Local\\Mozilla\\Firefox\\Profiles\\hfjmb10g.default\\cache2.2023-03-01-15-12-51.purge.bg_rm"
Mar 01, 2023 20:42:55.564 *** You are running in background task mode. ***
Mar 01, 2023 20:42:55.566 *** You are running in headless mode.
Mar 01, 2023 20:42:55.693 console.error: "C:\\Users\\Dell\\AppData\\Local\\Mozilla\\Firefox\\Profiles\\hfjmb10g.default" "" 0 ".purge.bg_rm"
Mar 01, 2023 20:43:08.799 [2023-03-01T15:13:08Z ERROR viaduct::backend::ffi] Missing HTTP status
Mar 01, 2023 20:43:08.800 [2023-03-01T15:13:08Z ERROR viaduct::backend::ffi] Missing HTTP status
Mar 01, 2023 20:43:08.901 *** You are running in background task mode. ***
Mar 01, 2023 20:43:08.902 *** You are running in headless mode.
Mar 01, 2023 20:43:09.18 console.error: "C:\\Users\\Dell\\AppData\\Local\\Mozilla\\Firefox\\Profiles\\hfjmb10g.default" "cache2.2023-03-01-15-13-08.purge.bg_rm" 10 ".purge.bg_rm"
Mar 01, 2023 20:43:09.22 console.error: "started removing C:\\Users\\Dell\\AppData\\Local\\Mozilla\\Firefox\\Profiles\\hfjmb10g.default\\cache2.2023-03-01-15-13-08.purge.bg_rm"
Mar 01, 2023 20:43:09.28 console.error: "done removing C:\\Users\\Dell\\AppData\\Local\\Mozilla\\Firefox\\Profiles\\hfjmb10g.default\\cache2.2023-03-01-15-13-08.purge.bg_rm"
Mar 01, 2023 20:43:27.315 *** You are running in background task mode. ***
Mar 01, 2023 20:43:27.316 *** You are running in headless mode.
Mar 01, 2023 20:43:27.412 console.error: "C:\\Users\\Dell\\AppData\\Local\\Mozilla\\Firefox\\Profiles\\hfjmb10g.default" "" 0 ".purge.bg_rm"
Mar 01, 2023 20:43:33.282 [Parent 17328, IPDL Background] WARNING: pipe error: 232: file /builds/worker/checkouts/gecko/ipc/chromium/src/chrome/common/ipc_channel_win.cc:583
Mar 01, 2023 20:43:33.298 [2023-03-01T15:13:33Z ERROR viaduct::backend::ffi] Missing HTTP status
Mar 01, 2023 20:43:33.299 [2023-03-01T15:13:33Z ERROR viaduct::backend::ffi] Missing HTTP status
Mar 01, 2023 20:43:33.411 *** You are running in background task mode. ***
Mar 01, 2023 20:43:33.412 *** You are running in headless mode.
Mar 01, 2023 20:43:33.528 console.error: "C:\\Users\\Dell\\AppData\\Local\\Mozilla\\Firefox\\Profiles\\hfjmb10g.default" "cache2.2023-03-01-15-13-33.purge.bg_rm" 10 ".purge.bg_rm"
Mar 01, 2023 20:43:33.532 console.error: "started removing C:\\Users\\Dell\\AppData\\Local\\Mozilla\\Firefox\\Profiles\\hfjmb10g.default\\cache2.2023-03-01-15-13-33.purge.bg_rm"
Mar 01, 2023 20:43:33.536 console.error: "done removing C:\\Users\\Dell\\AppData\\Local\\Mozilla\\Firefox\\Profiles\\hfjmb10g.default\\cache2.2023-03-01-15-13-33.purge.bg_rm"
Mar 01, 2023 21:08:19.419 *** You are running in background task mode. ***
Mar 01, 2023 21:08:19.419 *** You are running in headless mode.
Mar 01, 2023 21:08:19.525 console.error: "C:\\Users\\Dell\\AppData\\Local\\Mozilla\\Firefox\\Profiles\\hfjmb10g.default" "" 0 ".purge.bg_rm"
Mar 01, 2023 21:08:23.378 [2023-03-01T15:38:23Z ERROR viaduct::backend::ffi] Missing HTTP status
Mar 01, 2023 21:08:23.380 [2023-03-01T15:38:23Z ERROR viaduct::backend::ffi] Missing HTTP status
Mar 01, 2023 21:08:23.478 *** You are running in background task mode. ***
Mar 01, 2023 21:08:23.479 *** You are running in headless mode.
Mar 01, 2023 21:08:23.593 console.error: "C:\\Users\\Dell\\AppData\\Local\\Mozilla\\Firefox\\Profiles\\hfjmb10g.default" "cache2.2023-03-01-15-38-23.purge.bg_rm" 10 ".purge.bg_rm"
Mar 01, 2023 21:08:23.594 console.error: "started removing C:\\Users\\Dell\\AppData\\Local\\Mozilla\\Firefox\\Profiles\\hfjmb10g.default\\cache2.2023-03-01-15-38-23.purge.bg_rm"
Mar 01, 2023 21:08:23.597 console.error: "done removing C:\\Users\\Dell\\AppData\\Local\\Mozilla\\Firefox\\Profiles\\hfjmb10g.default\\cache2.2023-03-01-15-38-23.purge.bg_rm"
Mar 01, 2023 21:08:24.542 IPDL protocol error: Handler returned error code!
Mar 01, 2023 21:08:24.543 
Mar 01, 2023 21:08:24.543 ###!!! [Parent][DispatchAsyncMessage] Error: PBackground::Msg_PVerifySSLServerCertConstructor Processing error: message was deserialized, but the handler returned false (indicating failure)
Mar 01, 2023 21:08:24.543 
Mar 01, 2023 21:08:24.580 IPDL protocol error: Handler returned error code!
Mar 01, 2023 21:08:24.582 
Mar 01, 2023 21:08:24.582 ###!!! [Parent][DispatchAsyncMessage] Error: PBackground::Msg_PVerifySSLServerCertConstructor Processing error: message was deserialized, but the handler returned false (indicating failure)
Mar 01, 2023 21:08:24.582 
Mar 01, 2023 21:08:56.239 *** You are running in background task mode. ***
Mar 01, 2023 21:08:56.239 *** You are running in headless mode.
Mar 01, 2023 21:08:56.341 console.error: "C:\\Users\\Dell\\AppData\\Local\\Mozilla\\Firefox\\Profiles\\hfjmb10g.default" "" 0 ".purge.bg_rm"
Mar 01, 2023 21:09:00.147 [2023-03-01T15:39:00Z ERROR viaduct::backend::ffi] Missing HTTP status
Mar 01, 2023 21:09:00.148 [2023-03-01T15:39:00Z ERROR viaduct::backend::ffi] Missing HTTP status
Mar 01, 2023 21:09:00.243 *** You are running in background task mode. ***
Mar 01, 2023 21:09:00.244 *** You are running in headless mode.
Mar 01, 2023 21:09:00.356 console.error: "C:\\Users\\Dell\\AppData\\Local\\Mozilla\\Firefox\\Profiles\\hfjmb10g.default" "cache2.2023-03-01-15-39-00.purge.bg_rm" 10 ".purge.bg_rm"
Mar 01, 2023 21:09:00.357 console.error: "started removing C:\\Users\\Dell\\AppData\\Local\\Mozilla\\Firefox\\Profiles\\hfjmb10g.default\\cache2.2023-03-01-15-39-00.purge.bg_rm"
Mar 01, 2023 21:09:00.359 console.error: "done removing C:\\Users\\Dell\\AppData\\Local\\Mozilla\\Firefox\\Profiles\\hfjmb10g.default\\cache2.2023-03-01-15-39-00.purge.bg_rm"
Mar 01, 2023 21:09:00.693 IPDL protocol error: Handler returned error code!
Mar 01, 2023 21:09:00.693 
Mar 01, 2023 21:09:00.693 ###!!! [Parent][DispatchAsyncMessage] Error: PBackground::Msg_PVerifySSLServerCertConstructor Processing error: message was deserialized, but the handler returned false (indicating failure)
Mar 01, 2023 21:09:00.694 
Mar 01, 2023 21:09:00.789 IPDL protocol error: Handler returned error code!
Mar 01, 2023 21:09:00.789 
Mar 01, 2023 21:09:00.789 ###!!! [Parent][DispatchAsyncMessage] Error: PBackground::Msg_PVerifySSLServerCertConstructor Processing error: message was deserialized, but the handler returned false (indicating failure)
Mar 01, 2023 21:09:00.790 
Mar 01, 2023 21:10:49.797 *** You are running in background task mode. ***
Mar 01, 2023 21:10:49.798 *** You are running in headless mode.
Mar 01, 2023 21:10:49.910 console.error: "C:\\Users\\Dell\\AppData\\Local\\Mozilla\\Firefox\\Profiles\\hfjmb10g.default" "" 0 ".purge.bg_rm"
Mar 01, 2023 21:13:58.259 [2023-03-01T15:43:58Z ERROR viaduct::backend::ffi] Missing HTTP status
Mar 01, 2023 21:13:58.261 [2023-03-01T15:43:58Z ERROR viaduct::backend::ffi] Missing HTTP status
Mar 01, 2023 21:13:58.437 *** You are running in background task mode. ***
Mar 01, 2023 21:13:58.438 *** You are running in headless mode.
Mar 01, 2023 21:13:58.556 console.error: "C:\\Users\\Dell\\AppData\\Local\\Mozilla\\Firefox\\Profiles\\hfjmb10g.default" "cache2.2023-03-01-15-43-58.purge.bg_rm" 10 ".purge.bg_rm"
Mar 01, 2023 21:13:58.557 console.error: "started removing C:\\Users\\Dell\\AppData\\Local\\Mozilla\\Firefox\\Profiles\\hfjmb10g.default\\cache2.2023-03-01-15-43-58.purge.bg_rm"
Mar 01, 2023 21:13:58.562 console.error: "done removing C:\\Users\\Dell\\AppData\\Local\\Mozilla\\Firefox\\Profiles\\hfjmb10g.default\\cache2.2023-03-01-15-43-58.purge.bg_rm"

Mar 02, 2023 20:30:00.698 NEW SESSION
Mar 02, 2023 20:30:00.699 *** You are running in background task mode. ***
Mar 02, 2023 20:30:00.700 *** You are running in headless mode.
Mar 02, 2023 20:30:00.847 console.error: "C:\\Users\\Dell\\AppData\\Local\\Mozilla\\Firefox\\Profiles\\hfjmb10g.default" "" 0 ".purge.bg_rm"
Mar 02, 2023 20:30:08.428 [2023-03-02T15:00:08Z ERROR viaduct::backend::ffi] Missing HTTP status
Mar 02, 2023 20:30:08.431 [2023-03-02T15:00:08Z ERROR viaduct::backend::ffi] Missing HTTP status
Mar 02, 2023 20:30:08.547 *** You are running in background task mode. ***
Mar 02, 2023 20:30:08.548 *** You are running in headless mode.
Mar 02, 2023 20:30:08.685 console.error: "C:\\Users\\Dell\\AppData\\Local\\Mozilla\\Firefox\\Profiles\\hfjmb10g.default" "cache2.2023-03-02-15-00-08.purge.bg_rm" 10 ".purge.bg_rm"
Mar 02, 2023 20:30:08.688 console.error: "started removing C:\\Users\\Dell\\AppData\\Local\\Mozilla\\Firefox\\Profiles\\hfjmb10g.default\\cache2.2023-03-02-15-00-08.purge.bg_rm"
Mar 02, 2023 20:30:08.693 console.error: "done removing C:\\Users\\Dell\\AppData\\Local\\Mozilla\\Firefox\\Profiles\\hfjmb10g.default\\cache2.2023-03-02-15-00-08.purge.bg_rm"
Mar 02, 2023 20:30:14.870 *** You are running in background task mode. ***
Mar 02, 2023 20:30:14.871 *** You are running in headless mode.
Mar 02, 2023 20:30:15.13 console.error: "C:\\Users\\Dell\\AppData\\Local\\Mozilla\\Firefox\\Profiles\\hfjmb10g.default" "" 0 ".purge.bg_rm"
Mar 02, 2023 20:30:16.641 [2023-03-02T15:00:16Z ERROR viaduct::backend::ffi] Missing HTTP status
Mar 02, 2023 20:30:16.643 [2023-03-02T15:00:16Z ERROR viaduct::backend::ffi] Missing HTTP status
Mar 02, 2023 20:30:16.770 *** You are running in background task mode. ***
Mar 02, 2023 20:30:16.770 *** You are running in headless mode.
Mar 02, 2023 20:30:16.899 console.error: "C:\\Users\\Dell\\AppData\\Local\\Mozilla\\Firefox\\Profiles\\hfjmb10g.default" "cache2.2023-03-02-15-00-16.purge.bg_rm" 10 ".purge.bg_rm"
Mar 02, 2023 20:30:16.902 console.error: "started removing C:\\Users\\Dell\\AppData\\Local\\Mozilla\\Firefox\\Profiles\\hfjmb10g.default\\cache2.2023-03-02-15-00-16.purge.bg_rm"
Mar 02, 2023 20:30:16.905 console.error: "done removing C:\\Users\\Dell\\AppData\\Local\\Mozilla\\Firefox\\Profiles\\hfjmb10g.default\\cache2.2023-03-02-15-00-16.purge.bg_rm"
Mar 02, 2023 20:30:17.141 IPDL protocol error: Handler returned error code!
Mar 02, 2023 20:30:17.141 
Mar 02, 2023 20:30:17.142 ###!!! [Parent][DispatchAsyncMessage] Error: PBackground::Msg_PVerifySSLServerCertConstructor Processing error: message was deserialized, but the handler returned false (indicating failure)
Mar 02, 2023 20:30:17.142 
Mar 02, 2023 20:30:17.143 IPDL protocol error: Handler returned error code!
Mar 02, 2023 20:30:17.143 
Mar 02, 2023 20:30:17.143 ###!!! [Parent][DispatchAsyncMessage] Error: PBackground::Msg_PVerifySSLServerCertConstructor Processing error: message was deserialized, but the handler returned false (indicating failure)
Mar 02, 2023 20:30:17.144 
Mar 02, 2023 20:30:30.983 *** You are running in background task mode. ***
Mar 02, 2023 20:30:30.984 *** You are running in headless mode.
Mar 02, 2023 20:30:31.110 console.error: "C:\\Users\\Dell\\AppData\\Local\\Mozilla\\Firefox\\Profiles\\hfjmb10g.default" "" 0 ".purge.bg_rm"
Mar 02, 2023 20:32:07.270 [2023-03-02T15:02:07Z ERROR viaduct::backend::ffi] Missing HTTP status
Mar 02, 2023 20:32:07.271 [2023-03-02T15:02:07Z ERROR viaduct::backend::ffi] Missing HTTP status
Mar 02, 2023 20:32:07.400 *** You are running in background task mode. ***
Mar 02, 2023 20:32:07.400 *** You are running in headless mode.
Mar 02, 2023 20:32:07.532 console.error: "C:\\Users\\Dell\\AppData\\Local\\Mozilla\\Firefox\\Profiles\\hfjmb10g.default" "cache2.2023-03-02-15-02-07.purge.bg_rm" 10 ".purge.bg_rm"
Mar 02, 2023 20:32:07.534 console.error: "started removing C:\\Users\\Dell\\AppData\\Local\\Mozilla\\Firefox\\Profiles\\hfjmb10g.default\\cache2.2023-03-02-15-02-07.purge.bg_rm"
Mar 02, 2023 20:32:07.539 console.error: "done removing C:\\Users\\Dell\\AppData\\Local\\Mozilla\\Firefox\\Profiles\\hfjmb10g.default\\cache2.2023-03-02-15-02-07.purge.bg_rm"
Mar 02, 2023 20:32:19.145 *** You are running in background task mode. ***
Mar 02, 2023 20:32:19.146 *** You are running in headless mode.
Mar 02, 2023 20:32:19.270 console.error: "C:\\Users\\Dell\\AppData\\Local\\Mozilla\\Firefox\\Profiles\\hfjmb10g.default" "" 0 ".purge.bg_rm"
Mar 02, 2023 20:32:37.682 [2023-03-02T15:02:37Z ERROR viaduct::backend::ffi] Missing HTTP status
Mar 02, 2023 20:32:37.684 [2023-03-02T15:02:37Z ERROR viaduct::backend::ffi] Missing HTTP status
Mar 02, 2023 20:32:37.817 *** You are running in background task mode. ***
Mar 02, 2023 20:32:37.818 *** You are running in headless mode.
Mar 02, 2023 20:32:37.961 console.error: "C:\\Users\\Dell\\AppData\\Local\\Mozilla\\Firefox\\Profiles\\hfjmb10g.default" "cache2.2023-03-02-15-02-37.purge.bg_rm" 10 ".purge.bg_rm"
Mar 02, 2023 20:32:37.964 console.error: "started removing C:\\Users\\Dell\\AppData\\Local\\Mozilla\\Firefox\\Profiles\\hfjmb10g.default\\cache2.2023-03-02-15-02-37.purge.bg_rm"
Mar 02, 2023 20:32:37.982 console.error: "done removing C:\\Users\\Dell\\AppData\\Local\\Mozilla\\Firefox\\Profiles\\hfjmb10g.default\\cache2.2023-03-02-15-02-37.purge.bg_rm"
Mar 02, 2023 20:32:54.433 *** You are running in background task mode. ***
Mar 02, 2023 20:32:54.434 *** You are running in headless mode.
Mar 02, 2023 20:32:54.567 console.error: "C:\\Users\\Dell\\AppData\\Local\\Mozilla\\Firefox\\Profiles\\hfjmb10g.default" "" 0 ".purge.bg_rm"
Mar 02, 2023 20:32:58.837 [2023-03-02T15:02:58Z ERROR viaduct::backend::ffi] Missing HTTP status
Mar 02, 2023 20:32:58.839 [2023-03-02T15:02:58Z ERROR viaduct::backend::ffi] Missing HTTP status
Mar 02, 2023 20:32:58.976 *** You are running in background task mode. ***
Mar 02, 2023 20:32:58.976 *** You are running in headless mode.
Mar 02, 2023 20:32:59.107 console.error: "C:\\Users\\Dell\\AppData\\Local\\Mozilla\\Firefox\\Profiles\\hfjmb10g.default" "cache2.2023-03-02-15-02-58.purge.bg_rm" 10 ".purge.bg_rm"
Mar 02, 2023 20:32:59.109 console.error: "started removing C:\\Users\\Dell\\AppData\\Local\\Mozilla\\Firefox\\Profiles\\hfjmb10g.default\\cache2.2023-03-02-15-02-58.purge.bg_rm"
Mar 02, 2023 20:32:59.112 console.error: "done removing C:\\Users\\Dell\\AppData\\Local\\Mozilla\\Firefox\\Profiles\\hfjmb10g.default\\cache2.2023-03-02-15-02-58.purge.bg_rm"
Mar 02, 2023 20:32:59.174 IPDL protocol error: Handler returned error code!
Mar 02, 2023 20:32:59.174 
Mar 02, 2023 20:32:59.174 ###!!! [Parent][DispatchAsyncMessage] Error: PBackground::Msg_PVerifySSLServerCertConstructor Processing error: message was deserialized, but the handler returned false (indicating failure)
Mar 02, 2023 20:32:59.175 
Mar 02, 2023 20:32:59.176 IPDL protocol error: Handler returned error code!
Mar 02, 2023 20:32:59.176 
Mar 02, 2023 20:32:59.177 ###!!! [Parent][DispatchAsyncMessage] Error: PBackground::Msg_PVerifySSLServerCertConstructor Processing error: message was deserialized, but the handler returned false (indicating failure)
Mar 02, 2023 20:32:59.177 
Mar 02, 2023 20:33:04.256 *** You are running in background task mode. ***
Mar 02, 2023 20:33:04.257 *** You are running in headless mode.
Mar 02, 2023 20:33:04.377 console.error: "C:\\Users\\Dell\\AppData\\Local\\Mozilla\\Firefox\\Profiles\\hfjmb10g.default" "" 0 ".purge.bg_rm"
Mar 02, 2023 20:33:59.511 *** You are running in background task mode. ***
Mar 02, 2023 20:33:59.512 *** You are running in headless mode.
Mar 02, 2023 20:33:59.651 console.error: "C:\\Users\\Dell\\AppData\\Local\\Mozilla\\Firefox\\Profiles\\hfjmb10g.default" "cache2.2023-03-02-15-03-59.purge.bg_rm" 10 ".purge.bg_rm"
Mar 02, 2023 20:33:59.653 console.error: "started removing C:\\Users\\Dell\\AppData\\Local\\Mozilla\\Firefox\\Profiles\\hfjmb10g.default\\cache2.2023-03-02-15-03-59.purge.bg_rm"
Mar 02, 2023 20:33:59.658 console.error: "done removing C:\\Users\\Dell\\AppData\\Local\\Mozilla\\Firefox\\Profiles\\hfjmb10g.default\\cache2.2023-03-02-15-03-59.purge.bg_rm"
Mar 02, 2023 20:34:06.953 *** You are running in background task mode. ***
Mar 02, 2023 20:34:06.954 *** You are running in headless mode.
Mar 02, 2023 20:34:07.78 console.error: "C:\\Users\\Dell\\AppData\\Local\\Mozilla\\Firefox\\Profiles\\hfjmb10g.default" "" 0 ".purge.bg_rm"
Mar 02, 2023 20:34:13.176 [2023-03-02T15:04:13Z ERROR viaduct::backend::ffi] Missing HTTP status
Mar 02, 2023 20:34:13.177 [2023-03-02T15:04:13Z ERROR viaduct::backend::ffi] Missing HTTP status
Mar 02, 2023 20:34:13.287 *** You are running in background task mode. ***
Mar 02, 2023 20:34:13.287 *** You are running in headless mode.
Mar 02, 2023 20:34:13.420 console.error: "C:\\Users\\Dell\\AppData\\Local\\Mozilla\\Firefox\\Profiles\\hfjmb10g.default" "cache2.2023-03-02-15-04-13.purge.bg_rm" 10 ".purge.bg_rm"
Mar 02, 2023 20:34:13.423 console.error: "started removing C:\\Users\\Dell\\AppData\\Local\\Mozilla\\Firefox\\Profiles\\hfjmb10g.default\\cache2.2023-03-02-15-04-13.purge.bg_rm"
Mar 02, 2023 20:34:13.427 console.error: "done removing C:\\Users\\Dell\\AppData\\Local\\Mozilla\\Firefox\\Profiles\\hfjmb10g.default\\cache2.2023-03-02-15-04-13.purge.bg_rm"
Mar 02, 2023 20:34:20.929 *** You are running in background task mode. ***
Mar 02, 2023 20:34:20.930 *** You are running in headless mode.
Mar 02, 2023 20:34:21.63 console.error: "C:\\Users\\Dell\\AppData\\Local\\Mozilla\\Firefox\\Profiles\\hfjmb10g.default" "" 0 ".purge.bg_rm"
Mar 02, 2023 20:37:27.577 [2023-03-02T15:07:27Z ERROR viaduct::backend::ffi] Missing HTTP status
Mar 02, 2023 20:37:27.583 [2023-03-02T15:07:27Z ERROR viaduct::backend::ffi] Missing HTTP status
Mar 02, 2023 20:37:27.705 *** You are running in background task mode. ***
Mar 02, 2023 20:37:27.706 *** You are running in headless mode.
Mar 02, 2023 20:37:27.857 console.error: "C:\\Users\\Dell\\AppData\\Local\\Mozilla\\Firefox\\Profiles\\hfjmb10g.default" "cache2.2023-03-02-15-07-27.purge.bg_rm" 10 ".purge.bg_rm"
Mar 02, 2023 20:37:27.858 console.error: "started removing C:\\Users\\Dell\\AppData\\Local\\Mozilla\\Firefox\\Profiles\\hfjmb10g.default\\cache2.2023-03-02-15-07-27.purge.bg_rm"
Mar 02, 2023 20:37:27.863 console.error: "done removing C:\\Users\\Dell\\AppData\\Local\\Mozilla\\Firefox\\Profiles\\hfjmb10g.default\\cache2.2023-03-02-15-07-27.purge.bg_rm"

Mar 04, 2023 19:48:22.567 NEW SESSION
Mar 04, 2023 19:48:22.567 *** You are running in background task mode. ***
Mar 04, 2023 19:48:22.568 *** You are running in headless mode.
Mar 04, 2023 19:48:22.691 console.error: "C:\\Users\\Dell\\AppData\\Local\\Mozilla\\Firefox\\Profiles\\hfjmb10g.default" "" 0 ".purge.bg_rm"
Mar 04, 2023 19:53:18.338 [2023-03-04T14:23:18Z ERROR viaduct::backend::ffi] Missing HTTP status
Mar 04, 2023 19:53:18.340 [2023-03-04T14:23:18Z ERROR viaduct::backend::ffi] Missing HTTP status
Mar 04, 2023 19:53:18.551 *** You are running in background task mode. ***
Mar 04, 2023 19:53:18.552 *** You are running in headless mode.
Mar 04, 2023 19:53:18.652 console.error: "C:\\Users\\Dell\\AppData\\Local\\Mozilla\\Firefox\\Profiles\\hfjmb10g.default" "cache2.2023-03-04-14-23-18.purge.bg_rm" 10 ".purge.bg_rm"
Mar 04, 2023 19:53:18.654 console.error: "started removing C:\\Users\\Dell\\AppData\\Local\\Mozilla\\Firefox\\Profiles\\hfjmb10g.default\\cache2.2023-03-04-14-23-18.purge.bg_rm"
Mar 04, 2023 19:53:18.657 console.error: "done removing C:\\Users\\Dell\\AppData\\Local\\Mozilla\\Firefox\\Profiles\\hfjmb10g.default\\cache2.2023-03-04-14-23-18.purge.bg_rm"
